<?xml version="1.0" encoding="UTF-8"?>
<testsuite xmlns:xsi="http://www.w3.org/2001/XMLSchema-instance" xsi:noNamespaceSchemaLocation="https://maven.apache.org/surefire/maven-surefire-plugin/xsd/surefire-test-report.xsd" name="com.contratus.backend.data.entity.ProductTest" time="0" tests="1" errors="0" skipped="0" failures="0">
  <properties>
    <property name="sun.desktop" value="gnome"/>
    <property name="awt.toolkit" value="sun.awt.X11.XToolkit"/>
    <property name="java.specification.version" value="11"/>
    <property name="sun.cpu.isalist" value=""/>
    <property name="sun.jnu.encoding" value="UTF-8"/>
    <property name="java.class.path" value="/home/kmoragas/Works/contratus/alexa/target/test-classes:/home/kmoragas/Works/contratus/alexa/target/classes:/home/kmoragas/.m2/repository/javax/servlet/javax.servlet-api/4.0.1/javax.servlet-api-4.0.1.jar:/home/kmoragas/.m2/repository/commons-logging/commons-logging/1.1.1/commons-logging-1.1.1.jar:/home/kmoragas/.m2/repository/com/h2database/h2/1.4.199/h2-1.4.199.jar:/home/kmoragas/.m2/repository/com/vaadin/vaadin/15.0.4/vaadin-15.0.4.jar:/home/kmoragas/.m2/repository/com/vaadin/vaadin-core/15.0.4/vaadin-core-15.0.4.jar:/home/kmoragas/.m2/repository/com/vaadin/flow-html-components/3.0.5/flow-html-components-3.0.5.jar:/home/kmoragas/.m2/repository/com/vaadin/flow-dnd/3.0.5/flow-dnd-3.0.5.jar:/home/kmoragas/.m2/repository/org/webjars/npm/vaadin__vaadin-mobile-drag-drop/1.0.0/vaadin__vaadin-mobile-drag-drop-1.0.0.jar:/home/kmoragas/.m2/repository/org/webjars/npm/mobile-drag-drop/2.3.0-rc.1/mobile-drag-drop-2.3.0-rc.1.jar:/home/kmoragas/.m2/repository/com/vaadin/vaadin-lumo-theme/3.0.5/vaadin-lumo-theme-3.0.5.jar:/home/kmoragas/.m2/repository/com/vaadin/vaadin-material-theme/3.0.5/vaadin-material-theme-3.0.5.jar:/home/kmoragas/.m2/repository/com/vaadin/vaadin-accordion-flow/3.0.0/vaadin-accordion-flow-3.0.0.jar:/home/kmoragas/.m2/repository/com/vaadin/vaadin-button-flow/3.0.0/vaadin-button-flow-3.0.0.jar:/home/kmoragas/.m2/repository/com/vaadin/vaadin-checkbox-flow/3.0.1/vaadin-checkbox-flow-3.0.1.jar:/home/kmoragas/.m2/repository/com/vaadin/vaadin-combo-box-flow/4.0.1/vaadin-combo-box-flow-4.0.1.jar:/home/kmoragas/.m2/repository/com/vaadin/vaadin-custom-field-flow/4.0.0/vaadin-custom-field-flow-4.0.0.jar:/home/kmoragas/.m2/repository/com/vaadin/vaadin-date-picker-flow/3.0.1/vaadin-date-picker-flow-3.0.1.jar:/home/kmoragas/.m2/repository/com/vaadin/vaadin-details-flow/3.0.0/vaadin-details-flow-3.0.0.jar:/home/kmoragas/.m2/repository/com/vaadin/vaadin-time-picker-flow/3.0.1/vaadin-time-picker-flow-3.0.1.jar:/home/kmoragas/.m2/repository/com/vaadin/vaadin-select-flow/3.0.0/vaadin-select-flow-3.0.0.jar:/home/kmoragas/.m2/repository/com/vaadin/vaadin-dialog-flow/3.0.0/vaadin-dialog-flow-3.0.0.jar:/home/kmoragas/.m2/repository/com/vaadin/vaadin-form-layout-flow/3.0.0/vaadin-form-layout-flow-3.0.0.jar:/home/kmoragas/.m2/repository/com/vaadin/vaadin-grid-flow/5.0.0/vaadin-grid-flow-5.0.0.jar:/home/kmoragas/.m2/repository/org/apache/commons/commons-lang3/3.9/commons-lang3-3.9.jar:/home/kmoragas/.m2/repository/com/vaadin/vaadin-icons-flow/3.0.0/vaadin-icons-flow-3.0.0.jar:/home/kmoragas/.m2/repository/com/vaadin/vaadin-iron-list-flow/3.0.0/vaadin-iron-list-flow-3.0.0.jar:/home/kmoragas/.m2/repository/com/vaadin/vaadin-list-box-flow/3.0.0/vaadin-list-box-flow-3.0.0.jar:/home/kmoragas/.m2/repository/com/vaadin/vaadin-login-flow/3.0.0/vaadin-login-flow-3.0.0.jar:/home/kmoragas/.m2/repository/com/vaadin/vaadin-ordered-layout-flow/3.0.0/vaadin-ordered-layout-flow-3.0.0.jar:/home/kmoragas/.m2/repository/com/vaadin/vaadin-progress-bar-flow/3.0.0/vaadin-progress-bar-flow-3.0.0.jar:/home/kmoragas/.m2/repository/com/vaadin/vaadin-radio-button-flow/3.0.2/vaadin-radio-button-flow-3.0.2.jar:/home/kmoragas/.m2/repository/com/vaadin/vaadin-split-layout-flow/3.0.0/vaadin-split-layout-flow-3.0.0.jar:/home/kmoragas/.m2/repository/com/vaadin/vaadin-tabs-flow/3.0.0/vaadin-tabs-flow-3.0.0.jar:/home/kmoragas/.m2/repository/com/vaadin/vaadin-text-field-flow/3.0.1/vaadin-text-field-flow-3.0.1.jar:/home/kmoragas/.m2/repository/com/vaadin/vaadin-upload-flow/3.0.0/vaadin-upload-flow-3.0.0.jar:/home/kmoragas/.m2/repository/com/vaadin/vaadin-notification-flow/3.0.0/vaadin-notification-flow-3.0.0.jar:/home/kmoragas/.m2/repository/com/vaadin/vaadin-app-layout-flow/3.0.0/vaadin-app-layout-flow-3.0.0.jar:/home/kmoragas/.m2/repository/com/vaadin/vaadin-context-menu-flow/4.0.0/vaadin-context-menu-flow-4.0.0.jar:/home/kmoragas/.m2/repository/com/vaadin/vaadin-menu-bar-flow/2.0.0/vaadin-menu-bar-flow-2.0.0.jar:/home/kmoragas/.m2/repository/com/vaadin/vaadin-board-flow/4.0.0/vaadin-board-flow-4.0.0.jar:/home/kmoragas/.m2/repository/com/vaadin/vaadin-charts-flow/8.0.0/vaadin-charts-flow-8.0.0.jar:/home/kmoragas/.m2/repository/com/fasterxml/jackson/core/jackson-databind/2.10.0/jackson-databind-2.10.0.jar:/home/kmoragas/.m2/repository/com/vaadin/vaadin-confirm-dialog-flow/3.0.0/vaadin-confirm-dialog-flow-3.0.0.jar:/home/kmoragas/.m2/repository/com/vaadin/vaadin-cookie-consent-flow/3.0.0/vaadin-cookie-consent-flow-3.0.0.jar:/home/kmoragas/.m2/repository/com/vaadin/vaadin-crud-flow/3.0.0/vaadin-crud-flow-3.0.0.jar:/home/kmoragas/.m2/repository/com/vaadin/vaadin-grid-pro-flow/3.0.1/vaadin-grid-pro-flow-3.0.1.jar:/home/kmoragas/.m2/repository/com/vaadin/vaadin-rich-text-editor-flow/3.0.0/vaadin-rich-text-editor-flow-3.0.0.jar:/home/kmoragas/.m2/repository/com/vaadin/vaadin-spring/13.0.2/vaadin-spring-13.0.2.jar:/home/kmoragas/.m2/repository/com/vaadin/flow-server/3.0.5/flow-server-3.0.5.jar:/home/kmoragas/.m2/repository/org/slf4j/slf4j-api/1.7.28/slf4j-api-1.7.28.jar:/home/kmoragas/.m2/repository/com/vaadin/external/gwt/gwt-elemental/2.8.2.vaadin2/gwt-elemental-2.8.2.vaadin2.jar:/home/kmoragas/.m2/repository/commons-fileupload/commons-fileupload/1.3.3/commons-fileupload-1.3.3.jar:/home/kmoragas/.m2/repository/commons-io/commons-io/2.5/commons-io-2.5.jar:/home/kmoragas/.m2/repository/org/jsoup/jsoup/1.12.1/jsoup-1.12.1.jar:/home/kmoragas/.m2/repository/com/helger/ph-css/6.1.1/ph-css-6.1.1.jar:/home/kmoragas/.m2/repository/com/helger/ph-commons/9.1.2/ph-commons-9.1.2.jar:/home/kmoragas/.m2/repository/net/bytebuddy/byte-buddy/1.10.1/byte-buddy-1.10.1.jar:/home/kmoragas/.m2/repository/com/vaadin/external/gentyref/1.2.0.vaadin1/gentyref-1.2.0.vaadin1.jar:/home/kmoragas/.m2/repository/javax/validation/validation-api/2.0.1.Final/validation-api-2.0.1.Final.jar:/home/kmoragas/.m2/repository/com/fasterxml/jackson/core/jackson-annotations/2.10.0/jackson-annotations-2.10.0.jar:/home/kmoragas/.m2/repository/com/fasterxml/jackson/core/jackson-core/2.10.0/jackson-core-2.10.0.jar:/home/kmoragas/.m2/repository/javax/annotation/javax.annotation-api/1.3.2/javax.annotation-api-1.3.2.jar:/home/kmoragas/.m2/repository/com/github/javaparser/javaparser-symbol-solver-core/3.15.1/javaparser-symbol-solver-core-3.15.1.jar:/home/kmoragas/.m2/repository/com/github/javaparser/javaparser-symbol-solver-logic/3.15.1/javaparser-symbol-solver-logic-3.15.1.jar:/home/kmoragas/.m2/repository/com/github/javaparser/javaparser-symbol-solver-model/3.15.1/javaparser-symbol-solver-model-3.15.1.jar:/home/kmoragas/.m2/repository/com/github/javaparser/javaparser-core/3.15.1/javaparser-core-3.15.1.jar:/home/kmoragas/.m2/repository/com/google/guava/guava/27.0-jre/guava-27.0-jre.jar:/home/kmoragas/.m2/repository/com/google/guava/failureaccess/1.0/failureaccess-1.0.jar:/home/kmoragas/.m2/repository/com/google/guava/listenablefuture/9999.0-empty-to-avoid-conflict-with-guava/listenablefuture-9999.0-empty-to-avoid-conflict-with-guava.jar:/home/kmoragas/.m2/repository/com/google/code/findbugs/jsr305/3.0.2/jsr305-3.0.2.jar:/home/kmoragas/.m2/repository/org/checkerframework/checker-qual/2.5.2/checker-qual-2.5.2.jar:/home/kmoragas/.m2/repository/com/google/errorprone/error_prone_annotations/2.2.0/error_prone_annotations-2.2.0.jar:/home/kmoragas/.m2/repository/com/google/j2objc/j2objc-annotations/1.1/j2objc-annotations-1.1.jar:/home/kmoragas/.m2/repository/org/codehaus/mojo/animal-sniffer-annotations/1.17/animal-sniffer-annotations-1.17.jar:/home/kmoragas/.m2/repository/org/apache/commons/commons-configuration2/2.6/commons-configuration2-2.6.jar:/home/kmoragas/.m2/repository/org/apache/commons/commons-text/1.8/commons-text-1.8.jar:/home/kmoragas/.m2/repository/io/swagger/codegen/v3/swagger-codegen/3.0.2/swagger-codegen-3.0.2.jar:/home/kmoragas/.m2/repository/io/swagger/core/v3/swagger-models/2.0.4/swagger-models-2.0.4.jar:/home/kmoragas/.m2/repository/io/swagger/swagger-parser/1.0.39/swagger-parser-1.0.39.jar:/home/kmoragas/.m2/repository/io/swagger/swagger-core/1.5.21/swagger-core-1.5.21.jar:/home/kmoragas/.m2/repository/io/swagger/swagger-models/1.5.21/swagger-models-1.5.21.jar:/home/kmoragas/.m2/repository/io/swagger/swagger-annotations/1.5.21/swagger-annotations-1.5.21.jar:/home/kmoragas/.m2/repository/io/swagger/core/v3/swagger-core/2.0.4/swagger-core-2.0.4.jar:/home/kmoragas/.m2/repository/com/fasterxml/jackson/dataformat/jackson-dataformat-yaml/2.10.0/jackson-dataformat-yaml-2.10.0.jar:/home/kmoragas/.m2/repository/io/swagger/core/v3/swagger-annotations/2.0.4/swagger-annotations-2.0.4.jar:/home/kmoragas/.m2/repository/io/swagger/parser/v3/swagger-parser-core/2.0.5/swagger-parser-core-2.0.5.jar:/home/kmoragas/.m2/repository/io/swagger/parser/v3/swagger-parser-v3/2.0.5/swagger-parser-v3-2.0.5.jar:/home/kmoragas/.m2/repository/io/swagger/parser/v3/swagger-parser/2.0.5/swagger-parser-2.0.5.jar:/home/kmoragas/.m2/repository/io/swagger/parser/v3/swagger-parser-v2-converter/2.0.5/swagger-parser-v2-converter-2.0.5.jar:/home/kmoragas/.m2/repository/io/swagger/swagger-codegen/2.3.1/swagger-codegen-2.3.1.jar:/home/kmoragas/.m2/repository/io/swagger/swagger-compat-spec-parser/1.0.33/swagger-compat-spec-parser-1.0.33.jar:/home/kmoragas/.m2/repository/com/github/java-json-tools/json-schema-validator/2.2.8/json-schema-validator-2.2.8.jar:/home/kmoragas/.m2/repository/com/github/java-json-tools/json-schema-core/1.2.8/json-schema-core-1.2.8.jar:/home/kmoragas/.m2/repository/com/github/fge/uri-template/0.9/uri-template-0.9.jar:/home/kmoragas/.m2/repository/javax/mail/mailapi/1.4.3/mailapi-1.4.3.jar:/home/kmoragas/.m2/repository/javax/activation/activation/1.1/activation-1.1.jar:/home/kmoragas/.m2/repository/joda-time/joda-time/2.10.4/joda-time-2.10.4.jar:/home/kmoragas/.m2/repository/com/googlecode/libphonenumber/libphonenumber/8.0.0/libphonenumber-8.0.0.jar:/home/kmoragas/.m2/repository/net/sf/jopt-simple/jopt-simple/5.0.3/jopt-simple-5.0.3.jar:/home/kmoragas/.m2/repository/com/github/fge/json-patch/1.6/json-patch-1.6.jar:/home/kmoragas/.m2/repository/com/github/fge/jackson-coreutils/1.6/jackson-coreutils-1.6.jar:/home/kmoragas/.m2/repository/com/github/fge/msg-simple/1.1/msg-simple-1.1.jar:/home/kmoragas/.m2/repository/com/github/fge/btf/1.2/btf-1.2.jar:/home/kmoragas/.m2/repository/org/apache/httpcomponents/httpclient/4.5.10/httpclient-4.5.10.jar:/home/kmoragas/.m2/repository/org/apache/httpcomponents/httpcore/4.4.12/httpcore-4.4.12.jar:/home/kmoragas/.m2/repository/com/samskivert/jmustache/1.15/jmustache-1.15.jar:/home/kmoragas/.m2/repository/org/slf4j/slf4j-ext/1.7.28/slf4j-ext-1.7.28.jar:/home/kmoragas/.m2/repository/commons-cli/commons-cli/1.2/commons-cli-1.2.jar:/home/kmoragas/.m2/repository/com/github/jknack/handlebars/4.0.6/handlebars-4.0.6.jar:/home/kmoragas/.m2/repository/org/antlr/antlr4-runtime/4.5.1-1/antlr4-runtime-4.5.1-1.jar:/home/kmoragas/.m2/repository/org/mozilla/rhino/1.7R4/rhino-1.7R4.jar:/home/kmoragas/.m2/repository/com/atlassian/commonmark/commonmark/0.9.0/commonmark-0.9.0.jar:/home/kmoragas/.m2/repository/io/swagger/codegen/v3/swagger-codegen-generators/1.0.2/swagger-codegen-generators-1.0.2.jar:/home/kmoragas/.m2/repository/com/vaadin/flow-push/3.0.5/flow-push-3.0.5.jar:/home/kmoragas/.m2/repository/com/vaadin/external/atmosphere/atmosphere-runtime/2.4.30.slf4jvaadin1/atmosphere-runtime-2.4.30.slf4jvaadin1.jar:/home/kmoragas/.m2/repository/com/vaadin/flow-client/3.0.5/flow-client-3.0.5.jar:/home/kmoragas/.m2/repository/org/springframework/spring-webmvc/5.2.0.RELEASE/spring-webmvc-5.2.0.RELEASE.jar:/home/kmoragas/.m2/repository/org/springframework/spring-websocket/5.2.0.RELEASE/spring-websocket-5.2.0.RELEASE.jar:/home/kmoragas/.m2/repository/org/vaadin/artur/spring-data-provider/2.1.0/spring-data-provider-2.1.0.jar:/home/kmoragas/.m2/repository/com/vaadin/flow-data/3.0.5/flow-data-3.0.5.jar:/home/kmoragas/.m2/repository/org/springframework/boot/spring-boot/2.2.0.RELEASE/spring-boot-2.2.0.RELEASE.jar:/home/kmoragas/.m2/repository/org/springframework/spring-core/5.2.0.RELEASE/spring-core-5.2.0.RELEASE.jar:/home/kmoragas/.m2/repository/org/springframework/spring-jcl/5.2.0.RELEASE/spring-jcl-5.2.0.RELEASE.jar:/home/kmoragas/.m2/repository/org/springframework/spring-context/5.2.0.RELEASE/spring-context-5.2.0.RELEASE.jar:/home/kmoragas/.m2/repository/org/springframework/boot/spring-boot-autoconfigure/2.2.0.RELEASE/spring-boot-autoconfigure-2.2.0.RELEASE.jar:/home/kmoragas/.m2/repository/org/springframework/boot/spring-boot-starter-data-jpa/2.2.0.RELEASE/spring-boot-starter-data-jpa-2.2.0.RELEASE.jar:/home/kmoragas/.m2/repository/org/springframework/boot/spring-boot-starter-aop/2.2.0.RELEASE/spring-boot-starter-aop-2.2.0.RELEASE.jar:/home/kmoragas/.m2/repository/org/aspectj/aspectjweaver/1.9.4/aspectjweaver-1.9.4.jar:/home/kmoragas/.m2/repository/org/springframework/boot/spring-boot-starter-jdbc/2.2.0.RELEASE/spring-boot-starter-jdbc-2.2.0.RELEASE.jar:/home/kmoragas/.m2/repository/com/zaxxer/HikariCP/3.4.1/HikariCP-3.4.1.jar:/home/kmoragas/.m2/repository/org/springframework/spring-jdbc/5.2.0.RELEASE/spring-jdbc-5.2.0.RELEASE.jar:/home/kmoragas/.m2/repository/jakarta/activation/jakarta.activation-api/1.2.1/jakarta.activation-api-1.2.1.jar:/home/kmoragas/.m2/repository/jakarta/persistence/jakarta.persistence-api/2.2.3/jakarta.persistence-api-2.2.3.jar:/home/kmoragas/.m2/repository/jakarta/transaction/jakarta.transaction-api/1.3.3/jakarta.transaction-api-1.3.3.jar:/home/kmoragas/.m2/repository/org/hibernate/hibernate-core/5.4.6.Final/hibernate-core-5.4.6.Final.jar:/home/kmoragas/.m2/repository/org/jboss/logging/jboss-logging/3.4.1.Final/jboss-logging-3.4.1.Final.jar:/home/kmoragas/.m2/repository/org/javassist/javassist/3.24.0-GA/javassist-3.24.0-GA.jar:/home/kmoragas/.m2/repository/antlr/antlr/2.7.7/antlr-2.7.7.jar:/home/kmoragas/.m2/repository/org/jboss/jandex/2.0.5.Final/jandex-2.0.5.Final.jar:/home/kmoragas/.m2/repository/com/fasterxml/classmate/1.5.0/classmate-1.5.0.jar:/home/kmoragas/.m2/repository/org/dom4j/dom4j/2.1.1/dom4j-2.1.1.jar:/home/kmoragas/.m2/repository/org/hibernate/common/hibernate-commons-annotations/5.1.0.Final/hibernate-commons-annotations-5.1.0.Final.jar:/home/kmoragas/.m2/repository/org/glassfish/jaxb/jaxb-runtime/2.3.2/jaxb-runtime-2.3.2.jar:/home/kmoragas/.m2/repository/jakarta/xml/bind/jakarta.xml.bind-api/2.3.2/jakarta.xml.bind-api-2.3.2.jar:/home/kmoragas/.m2/repository/org/glassfish/jaxb/txw2/2.3.2/txw2-2.3.2.jar:/home/kmoragas/.m2/repository/com/sun/istack/istack-commons-runtime/3.0.8/istack-commons-runtime-3.0.8.jar:/home/kmoragas/.m2/repository/org/jvnet/staxex/stax-ex/1.8.1/stax-ex-1.8.1.jar:/home/kmoragas/.m2/repository/com/sun/xml/fastinfoset/FastInfoset/1.2.16/FastInfoset-1.2.16.jar:/home/kmoragas/.m2/repository/org/springframework/data/spring-data-jpa/2.2.0.RELEASE/spring-data-jpa-2.2.0.RELEASE.jar:/home/kmoragas/.m2/repository/org/springframework/data/spring-data-commons/2.2.0.RELEASE/spring-data-commons-2.2.0.RELEASE.jar:/home/kmoragas/.m2/repository/org/springframework/spring-orm/5.2.0.RELEASE/spring-orm-5.2.0.RELEASE.jar:/home/kmoragas/.m2/repository/org/springframework/spring-tx/5.2.0.RELEASE/spring-tx-5.2.0.RELEASE.jar:/home/kmoragas/.m2/repository/org/springframework/spring-aspects/5.2.0.RELEASE/spring-aspects-5.2.0.RELEASE.jar:/home/kmoragas/.m2/repository/org/springframework/spring-web/5.2.0.RELEASE/spring-web-5.2.0.RELEASE.jar:/home/kmoragas/.m2/repository/org/springframework/spring-beans/5.2.0.RELEASE/spring-beans-5.2.0.RELEASE.jar:/home/kmoragas/.m2/repository/org/springframework/boot/spring-boot-starter-tomcat/2.2.0.RELEASE/spring-boot-starter-tomcat-2.2.0.RELEASE.jar:/home/kmoragas/.m2/repository/jakarta/annotation/jakarta.annotation-api/1.3.5/jakarta.annotation-api-1.3.5.jar:/home/kmoragas/.m2/repository/org/apache/tomcat/embed/tomcat-embed-core/9.0.27/tomcat-embed-core-9.0.27.jar:/home/kmoragas/.m2/repository/org/apache/tomcat/embed/tomcat-embed-el/9.0.27/tomcat-embed-el-9.0.27.jar:/home/kmoragas/.m2/repository/org/apache/tomcat/embed/tomcat-embed-websocket/9.0.27/tomcat-embed-websocket-9.0.27.jar:/home/kmoragas/.m2/repository/org/springframework/security/spring-security-web/5.2.0.RELEASE/spring-security-web-5.2.0.RELEASE.jar:/home/kmoragas/.m2/repository/org/springframework/security/spring-security-core/5.2.0.RELEASE/spring-security-core-5.2.0.RELEASE.jar:/home/kmoragas/.m2/repository/org/springframework/spring-aop/5.2.0.RELEASE/spring-aop-5.2.0.RELEASE.jar:/home/kmoragas/.m2/repository/org/springframework/spring-expression/5.2.0.RELEASE/spring-expression-5.2.0.RELEASE.jar:/home/kmoragas/.m2/repository/org/springframework/security/spring-security-config/5.2.0.RELEASE/spring-security-config-5.2.0.RELEASE.jar:/home/kmoragas/.m2/repository/org/springframework/boot/spring-boot-starter-web/2.2.0.RELEASE/spring-boot-starter-web-2.2.0.RELEASE.jar:/home/kmoragas/.m2/repository/org/springframework/boot/spring-boot-starter/2.2.0.RELEASE/spring-boot-starter-2.2.0.RELEASE.jar:/home/kmoragas/.m2/repository/org/springframework/boot/spring-boot-starter-logging/2.2.0.RELEASE/spring-boot-starter-logging-2.2.0.RELEASE.jar:/home/kmoragas/.m2/repository/ch/qos/logback/logback-classic/1.2.3/logback-classic-1.2.3.jar:/home/kmoragas/.m2/repository/ch/qos/logback/logback-core/1.2.3/logback-core-1.2.3.jar:/home/kmoragas/.m2/repository/org/apache/logging/log4j/log4j-to-slf4j/2.12.1/log4j-to-slf4j-2.12.1.jar:/home/kmoragas/.m2/repository/org/apache/logging/log4j/log4j-api/2.12.1/log4j-api-2.12.1.jar:/home/kmoragas/.m2/repository/org/slf4j/jul-to-slf4j/1.7.28/jul-to-slf4j-1.7.28.jar:/home/kmoragas/.m2/repository/org/yaml/snakeyaml/1.25/snakeyaml-1.25.jar:/home/kmoragas/.m2/repository/org/springframework/boot/spring-boot-starter-json/2.2.0.RELEASE/spring-boot-starter-json-2.2.0.RELEASE.jar:/home/kmoragas/.m2/repository/com/fasterxml/jackson/datatype/jackson-datatype-jdk8/2.10.0/jackson-datatype-jdk8-2.10.0.jar:/home/kmoragas/.m2/repository/com/fasterxml/jackson/datatype/jackson-datatype-jsr310/2.10.0/jackson-datatype-jsr310-2.10.0.jar:/home/kmoragas/.m2/repository/com/fasterxml/jackson/module/jackson-module-parameter-names/2.10.0/jackson-module-parameter-names-2.10.0.jar:/home/kmoragas/.m2/repository/org/springframework/boot/spring-boot-starter-validation/2.2.0.RELEASE/spring-boot-starter-validation-2.2.0.RELEASE.jar:/home/kmoragas/.m2/repository/jakarta/validation/jakarta.validation-api/2.0.1/jakarta.validation-api-2.0.1.jar:/home/kmoragas/.m2/repository/org/hibernate/validator/hibernate-validator/6.0.17.Final/hibernate-validator-6.0.17.Final.jar:/home/kmoragas/.m2/repository/javax/xml/bind/jaxb-api/2.3.1/jaxb-api-2.3.1.jar:/home/kmoragas/.m2/repository/javax/activation/javax.activation-api/1.2.0/javax.activation-api-1.2.0.jar:/home/kmoragas/.m2/repository/org/reactivestreams/reactive-streams/1.0.3/reactive-streams-1.0.3.jar:/home/kmoragas/.m2/repository/com/vaadin/vaadin-testbench/15.0.4/vaadin-testbench-15.0.4.jar:/home/kmoragas/.m2/repository/com/vaadin/vaadin-testbench-core/6.2.1/vaadin-testbench-core-6.2.1.jar:/home/kmoragas/.m2/repository/commons-codec/commons-codec/1.13/commons-codec-1.13.jar:/home/kmoragas/.m2/repository/org/seleniumhq/selenium/selenium-remote-driver/3.141.59/selenium-remote-driver-3.141.59.jar:/home/kmoragas/.m2/repository/org/seleniumhq/selenium/selenium-api/3.141.59/selenium-api-3.141.59.jar:/home/kmoragas/.m2/repository/org/apache/commons/commons-exec/1.3/commons-exec-1.3.jar:/home/kmoragas/.m2/repository/com/squareup/okhttp3/okhttp/3.14.4/okhttp-3.14.4.jar:/home/kmoragas/.m2/repository/com/squareup/okio/okio/1.14.0/okio-1.14.0.jar:/home/kmoragas/.m2/repository/org/seleniumhq/selenium/selenium-java/3.141.59/selenium-java-3.141.59.jar:/home/kmoragas/.m2/repository/org/seleniumhq/selenium/selenium-chrome-driver/3.141.59/selenium-chrome-driver-3.141.59.jar:/home/kmoragas/.m2/repository/org/seleniumhq/selenium/selenium-edge-driver/3.141.59/selenium-edge-driver-3.141.59.jar:/home/kmoragas/.m2/repository/org/seleniumhq/selenium/selenium-firefox-driver/3.141.59/selenium-firefox-driver-3.141.59.jar:/home/kmoragas/.m2/repository/org/seleniumhq/selenium/selenium-ie-driver/3.141.59/selenium-ie-driver-3.141.59.jar:/home/kmoragas/.m2/repository/org/seleniumhq/selenium/selenium-opera-driver/3.141.59/selenium-opera-driver-3.141.59.jar:/home/kmoragas/.m2/repository/org/seleniumhq/selenium/selenium-safari-driver/3.141.59/selenium-safari-driver-3.141.59.jar:/home/kmoragas/.m2/repository/org/seleniumhq/selenium/selenium-support/3.141.59/selenium-support-3.141.59.jar:/home/kmoragas/.m2/repository/junit/junit/4.12/junit-4.12.jar:/home/kmoragas/.m2/repository/org/hamcrest/hamcrest-core/2.1/hamcrest-core-2.1.jar:/home/kmoragas/.m2/repository/org/hamcrest/hamcrest/2.1/hamcrest-2.1.jar:/home/kmoragas/.m2/repository/org/easymock/easymock/3.1/easymock-3.1.jar:/home/kmoragas/.m2/repository/cglib/cglib-nodep/2.2.2/cglib-nodep-2.2.2.jar:/home/kmoragas/.m2/repository/org/objenesis/objenesis/1.2/objenesis-1.2.jar:/home/kmoragas/.m2/repository/com/vaadin/license-checker/1.0.2/license-checker-1.0.2.jar:/home/kmoragas/.m2/repository/com/google/gwt/gwt-elemental/2.8.0/gwt-elemental-2.8.0.jar:/home/kmoragas/.m2/repository/com/vaadin/flow-html-components-testbench/3.0.5/flow-html-components-testbench-3.0.5.jar:/home/kmoragas/.m2/repository/com/vaadin/vaadin-accordion-testbench/3.0.0/vaadin-accordion-testbench-3.0.0.jar:/home/kmoragas/.m2/repository/com/vaadin/vaadin-app-layout-testbench/3.0.0/vaadin-app-layout-testbench-3.0.0.jar:/home/kmoragas/.m2/repository/com/vaadin/vaadin-board-testbench/4.0.0/vaadin-board-testbench-4.0.0.jar:/home/kmoragas/.m2/repository/com/vaadin/vaadin-button-testbench/3.0.0/vaadin-button-testbench-3.0.0.jar:/home/kmoragas/.m2/repository/com/vaadin/vaadin-charts-testbench/8.0.0/vaadin-charts-testbench-8.0.0.jar:/home/kmoragas/.m2/repository/com/vaadin/vaadin-checkbox-testbench/3.0.1/vaadin-checkbox-testbench-3.0.1.jar:/home/kmoragas/.m2/repository/com/vaadin/vaadin-combo-box-testbench/4.0.1/vaadin-combo-box-testbench-4.0.1.jar:/home/kmoragas/.m2/repository/com/vaadin/vaadin-confirm-dialog-testbench/3.0.0/vaadin-confirm-dialog-testbench-3.0.0.jar:/home/kmoragas/.m2/repository/com/vaadin/vaadin-context-menu-testbench/4.0.0/vaadin-context-menu-testbench-4.0.0.jar:/home/kmoragas/.m2/repository/com/vaadin/vaadin-cookie-consent-testbench/3.0.0/vaadin-cookie-consent-testbench-3.0.0.jar:/home/kmoragas/.m2/repository/com/vaadin/vaadin-crud-testbench/3.0.0/vaadin-crud-testbench-3.0.0.jar:/home/kmoragas/.m2/repository/com/vaadin/vaadin-custom-field-testbench/4.0.0/vaadin-custom-field-testbench-4.0.0.jar:/home/kmoragas/.m2/repository/com/vaadin/vaadin-date-picker-testbench/3.0.1/vaadin-date-picker-testbench-3.0.1.jar:/home/kmoragas/.m2/repository/com/vaadin/vaadin-details-testbench/3.0.0/vaadin-details-testbench-3.0.0.jar:/home/kmoragas/.m2/repository/com/vaadin/vaadin-dialog-testbench/3.0.0/vaadin-dialog-testbench-3.0.0.jar:/home/kmoragas/.m2/repository/com/vaadin/vaadin-form-layout-testbench/3.0.0/vaadin-form-layout-testbench-3.0.0.jar:/home/kmoragas/.m2/repository/com/vaadin/vaadin-grid-testbench/5.0.0/vaadin-grid-testbench-5.0.0.jar:/home/kmoragas/.m2/repository/com/vaadin/vaadin-grid-pro-testbench/3.0.1/vaadin-grid-pro-testbench-3.0.1.jar:/home/kmoragas/.m2/repository/com/vaadin/vaadin-icons-testbench/3.0.0/vaadin-icons-testbench-3.0.0.jar:/home/kmoragas/.m2/repository/com/vaadin/vaadin-iron-list-testbench/3.0.0/vaadin-iron-list-testbench-3.0.0.jar:/home/kmoragas/.m2/repository/com/vaadin/vaadin-list-box-testbench/3.0.0/vaadin-list-box-testbench-3.0.0.jar:/home/kmoragas/.m2/repository/com/vaadin/vaadin-login-testbench/3.0.0/vaadin-login-testbench-3.0.0.jar:/home/kmoragas/.m2/repository/com/vaadin/vaadin-menu-bar-testbench/2.0.0/vaadin-menu-bar-testbench-2.0.0.jar:/home/kmoragas/.m2/repository/com/vaadin/vaadin-notification-testbench/3.0.0/vaadin-notification-testbench-3.0.0.jar:/home/kmoragas/.m2/repository/com/vaadin/vaadin-ordered-layout-testbench/3.0.0/vaadin-ordered-layout-testbench-3.0.0.jar:/home/kmoragas/.m2/repository/com/vaadin/vaadin-progress-bar-testbench/3.0.0/vaadin-progress-bar-testbench-3.0.0.jar:/home/kmoragas/.m2/repository/com/vaadin/vaadin-radio-button-testbench/3.0.2/vaadin-radio-button-testbench-3.0.2.jar:/home/kmoragas/.m2/repository/com/vaadin/vaadin-rich-text-editor-testbench/3.0.0/vaadin-rich-text-editor-testbench-3.0.0.jar:/home/kmoragas/.m2/repository/com/vaadin/vaadin-select-testbench/3.0.0/vaadin-select-testbench-3.0.0.jar:/home/kmoragas/.m2/repository/com/vaadin/vaadin-split-layout-testbench/3.0.0/vaadin-split-layout-testbench-3.0.0.jar:/home/kmoragas/.m2/repository/com/vaadin/vaadin-tabs-testbench/3.0.0/vaadin-tabs-testbench-3.0.0.jar:/home/kmoragas/.m2/repository/com/vaadin/vaadin-text-field-testbench/3.0.1/vaadin-text-field-testbench-3.0.1.jar:/home/kmoragas/.m2/repository/com/vaadin/vaadin-time-picker-testbench/3.0.1/vaadin-time-picker-testbench-3.0.1.jar:/home/kmoragas/.m2/repository/com/vaadin/vaadin-upload-testbench/3.0.0/vaadin-upload-testbench-3.0.0.jar:"/>
    <property name="java.vm.vendor" value="Ubuntu"/>
    <property name="sun.arch.data.model" value="64"/>
    <property name="java.vendor.url" value="https://ubuntu.com/"/>
    <property name="user.timezone" value=""/>
    <property name="java.vm.specification.version" value="11"/>
    <property name="os.name" value="Linux"/>
    <property name="sun.java.launcher" value="SUN_STANDARD"/>
    <property name="user.country" value="US"/>
    <property name="sun.boot.library.path" value="/usr/lib/jvm/java-11-openjdk-amd64/lib"/>
    <property name="sun.java.command" value="/home/kmoragas/Works/contratus/alexa/target/surefire/surefirebooter7043720824814778157.jar /home/kmoragas/Works/contratus/alexa/target/surefire 2020-07-27T20-56-18_138-jvmRun1 surefire12421385119821331255tmp surefire_013633991010094842509tmp"/>
    <property name="jdk.debug" value="release"/>
    <property name="surefire.test.class.path" value="/home/kmoragas/Works/contratus/alexa/target/test-classes:/home/kmoragas/Works/contratus/alexa/target/classes:/home/kmoragas/.m2/repository/javax/servlet/javax.servlet-api/4.0.1/javax.servlet-api-4.0.1.jar:/home/kmoragas/.m2/repository/commons-logging/commons-logging/1.1.1/commons-logging-1.1.1.jar:/home/kmoragas/.m2/repository/com/h2database/h2/1.4.199/h2-1.4.199.jar:/home/kmoragas/.m2/repository/com/vaadin/vaadin/15.0.4/vaadin-15.0.4.jar:/home/kmoragas/.m2/repository/com/vaadin/vaadin-core/15.0.4/vaadin-core-15.0.4.jar:/home/kmoragas/.m2/repository/com/vaadin/flow-html-components/3.0.5/flow-html-components-3.0.5.jar:/home/kmoragas/.m2/repository/com/vaadin/flow-dnd/3.0.5/flow-dnd-3.0.5.jar:/home/kmoragas/.m2/repository/org/webjars/npm/vaadin__vaadin-mobile-drag-drop/1.0.0/vaadin__vaadin-mobile-drag-drop-1.0.0.jar:/home/kmoragas/.m2/repository/org/webjars/npm/mobile-drag-drop/2.3.0-rc.1/mobile-drag-drop-2.3.0-rc.1.jar:/home/kmoragas/.m2/repository/com/vaadin/vaadin-lumo-theme/3.0.5/vaadin-lumo-theme-3.0.5.jar:/home/kmoragas/.m2/repository/com/vaadin/vaadin-material-theme/3.0.5/vaadin-material-theme-3.0.5.jar:/home/kmoragas/.m2/repository/com/vaadin/vaadin-accordion-flow/3.0.0/vaadin-accordion-flow-3.0.0.jar:/home/kmoragas/.m2/repository/com/vaadin/vaadin-button-flow/3.0.0/vaadin-button-flow-3.0.0.jar:/home/kmoragas/.m2/repository/com/vaadin/vaadin-checkbox-flow/3.0.1/vaadin-checkbox-flow-3.0.1.jar:/home/kmoragas/.m2/repository/com/vaadin/vaadin-combo-box-flow/4.0.1/vaadin-combo-box-flow-4.0.1.jar:/home/kmoragas/.m2/repository/com/vaadin/vaadin-custom-field-flow/4.0.0/vaadin-custom-field-flow-4.0.0.jar:/home/kmoragas/.m2/repository/com/vaadin/vaadin-date-picker-flow/3.0.1/vaadin-date-picker-flow-3.0.1.jar:/home/kmoragas/.m2/repository/com/vaadin/vaadin-details-flow/3.0.0/vaadin-details-flow-3.0.0.jar:/home/kmoragas/.m2/repository/com/vaadin/vaadin-time-picker-flow/3.0.1/vaadin-time-picker-flow-3.0.1.jar:/home/kmoragas/.m2/repository/com/vaadin/vaadin-select-flow/3.0.0/vaadin-select-flow-3.0.0.jar:/home/kmoragas/.m2/repository/com/vaadin/vaadin-dialog-flow/3.0.0/vaadin-dialog-flow-3.0.0.jar:/home/kmoragas/.m2/repository/com/vaadin/vaadin-form-layout-flow/3.0.0/vaadin-form-layout-flow-3.0.0.jar:/home/kmoragas/.m2/repository/com/vaadin/vaadin-grid-flow/5.0.0/vaadin-grid-flow-5.0.0.jar:/home/kmoragas/.m2/repository/org/apache/commons/commons-lang3/3.9/commons-lang3-3.9.jar:/home/kmoragas/.m2/repository/com/vaadin/vaadin-icons-flow/3.0.0/vaadin-icons-flow-3.0.0.jar:/home/kmoragas/.m2/repository/com/vaadin/vaadin-iron-list-flow/3.0.0/vaadin-iron-list-flow-3.0.0.jar:/home/kmoragas/.m2/repository/com/vaadin/vaadin-list-box-flow/3.0.0/vaadin-list-box-flow-3.0.0.jar:/home/kmoragas/.m2/repository/com/vaadin/vaadin-login-flow/3.0.0/vaadin-login-flow-3.0.0.jar:/home/kmoragas/.m2/repository/com/vaadin/vaadin-ordered-layout-flow/3.0.0/vaadin-ordered-layout-flow-3.0.0.jar:/home/kmoragas/.m2/repository/com/vaadin/vaadin-progress-bar-flow/3.0.0/vaadin-progress-bar-flow-3.0.0.jar:/home/kmoragas/.m2/repository/com/vaadin/vaadin-radio-button-flow/3.0.2/vaadin-radio-button-flow-3.0.2.jar:/home/kmoragas/.m2/repository/com/vaadin/vaadin-split-layout-flow/3.0.0/vaadin-split-layout-flow-3.0.0.jar:/home/kmoragas/.m2/repository/com/vaadin/vaadin-tabs-flow/3.0.0/vaadin-tabs-flow-3.0.0.jar:/home/kmoragas/.m2/repository/com/vaadin/vaadin-text-field-flow/3.0.1/vaadin-text-field-flow-3.0.1.jar:/home/kmoragas/.m2/repository/com/vaadin/vaadin-upload-flow/3.0.0/vaadin-upload-flow-3.0.0.jar:/home/kmoragas/.m2/repository/com/vaadin/vaadin-notification-flow/3.0.0/vaadin-notification-flow-3.0.0.jar:/home/kmoragas/.m2/repository/com/vaadin/vaadin-app-layout-flow/3.0.0/vaadin-app-layout-flow-3.0.0.jar:/home/kmoragas/.m2/repository/com/vaadin/vaadin-context-menu-flow/4.0.0/vaadin-context-menu-flow-4.0.0.jar:/home/kmoragas/.m2/repository/com/vaadin/vaadin-menu-bar-flow/2.0.0/vaadin-menu-bar-flow-2.0.0.jar:/home/kmoragas/.m2/repository/com/vaadin/vaadin-board-flow/4.0.0/vaadin-board-flow-4.0.0.jar:/home/kmoragas/.m2/repository/com/vaadin/vaadin-charts-flow/8.0.0/vaadin-charts-flow-8.0.0.jar:/home/kmoragas/.m2/repository/com/fasterxml/jackson/core/jackson-databind/2.10.0/jackson-databind-2.10.0.jar:/home/kmoragas/.m2/repository/com/vaadin/vaadin-confirm-dialog-flow/3.0.0/vaadin-confirm-dialog-flow-3.0.0.jar:/home/kmoragas/.m2/repository/com/vaadin/vaadin-cookie-consent-flow/3.0.0/vaadin-cookie-consent-flow-3.0.0.jar:/home/kmoragas/.m2/repository/com/vaadin/vaadin-crud-flow/3.0.0/vaadin-crud-flow-3.0.0.jar:/home/kmoragas/.m2/repository/com/vaadin/vaadin-grid-pro-flow/3.0.1/vaadin-grid-pro-flow-3.0.1.jar:/home/kmoragas/.m2/repository/com/vaadin/vaadin-rich-text-editor-flow/3.0.0/vaadin-rich-text-editor-flow-3.0.0.jar:/home/kmoragas/.m2/repository/com/vaadin/vaadin-spring/13.0.2/vaadin-spring-13.0.2.jar:/home/kmoragas/.m2/repository/com/vaadin/flow-server/3.0.5/flow-server-3.0.5.jar:/home/kmoragas/.m2/repository/org/slf4j/slf4j-api/1.7.28/slf4j-api-1.7.28.jar:/home/kmoragas/.m2/repository/com/vaadin/external/gwt/gwt-elemental/2.8.2.vaadin2/gwt-elemental-2.8.2.vaadin2.jar:/home/kmoragas/.m2/repository/commons-fileupload/commons-fileupload/1.3.3/commons-fileupload-1.3.3.jar:/home/kmoragas/.m2/repository/commons-io/commons-io/2.5/commons-io-2.5.jar:/home/kmoragas/.m2/repository/org/jsoup/jsoup/1.12.1/jsoup-1.12.1.jar:/home/kmoragas/.m2/repository/com/helger/ph-css/6.1.1/ph-css-6.1.1.jar:/home/kmoragas/.m2/repository/com/helger/ph-commons/9.1.2/ph-commons-9.1.2.jar:/home/kmoragas/.m2/repository/net/bytebuddy/byte-buddy/1.10.1/byte-buddy-1.10.1.jar:/home/kmoragas/.m2/repository/com/vaadin/external/gentyref/1.2.0.vaadin1/gentyref-1.2.0.vaadin1.jar:/home/kmoragas/.m2/repository/javax/validation/validation-api/2.0.1.Final/validation-api-2.0.1.Final.jar:/home/kmoragas/.m2/repository/com/fasterxml/jackson/core/jackson-annotations/2.10.0/jackson-annotations-2.10.0.jar:/home/kmoragas/.m2/repository/com/fasterxml/jackson/core/jackson-core/2.10.0/jackson-core-2.10.0.jar:/home/kmoragas/.m2/repository/javax/annotation/javax.annotation-api/1.3.2/javax.annotation-api-1.3.2.jar:/home/kmoragas/.m2/repository/com/github/javaparser/javaparser-symbol-solver-core/3.15.1/javaparser-symbol-solver-core-3.15.1.jar:/home/kmoragas/.m2/repository/com/github/javaparser/javaparser-symbol-solver-logic/3.15.1/javaparser-symbol-solver-logic-3.15.1.jar:/home/kmoragas/.m2/repository/com/github/javaparser/javaparser-symbol-solver-model/3.15.1/javaparser-symbol-solver-model-3.15.1.jar:/home/kmoragas/.m2/repository/com/github/javaparser/javaparser-core/3.15.1/javaparser-core-3.15.1.jar:/home/kmoragas/.m2/repository/com/google/guava/guava/27.0-jre/guava-27.0-jre.jar:/home/kmoragas/.m2/repository/com/google/guava/failureaccess/1.0/failureaccess-1.0.jar:/home/kmoragas/.m2/repository/com/google/guava/listenablefuture/9999.0-empty-to-avoid-conflict-with-guava/listenablefuture-9999.0-empty-to-avoid-conflict-with-guava.jar:/home/kmoragas/.m2/repository/com/google/code/findbugs/jsr305/3.0.2/jsr305-3.0.2.jar:/home/kmoragas/.m2/repository/org/checkerframework/checker-qual/2.5.2/checker-qual-2.5.2.jar:/home/kmoragas/.m2/repository/com/google/errorprone/error_prone_annotations/2.2.0/error_prone_annotations-2.2.0.jar:/home/kmoragas/.m2/repository/com/google/j2objc/j2objc-annotations/1.1/j2objc-annotations-1.1.jar:/home/kmoragas/.m2/repository/org/codehaus/mojo/animal-sniffer-annotations/1.17/animal-sniffer-annotations-1.17.jar:/home/kmoragas/.m2/repository/org/apache/commons/commons-configuration2/2.6/commons-configuration2-2.6.jar:/home/kmoragas/.m2/repository/org/apache/commons/commons-text/1.8/commons-text-1.8.jar:/home/kmoragas/.m2/repository/io/swagger/codegen/v3/swagger-codegen/3.0.2/swagger-codegen-3.0.2.jar:/home/kmoragas/.m2/repository/io/swagger/core/v3/swagger-models/2.0.4/swagger-models-2.0.4.jar:/home/kmoragas/.m2/repository/io/swagger/swagger-parser/1.0.39/swagger-parser-1.0.39.jar:/home/kmoragas/.m2/repository/io/swagger/swagger-core/1.5.21/swagger-core-1.5.21.jar:/home/kmoragas/.m2/repository/io/swagger/swagger-models/1.5.21/swagger-models-1.5.21.jar:/home/kmoragas/.m2/repository/io/swagger/swagger-annotations/1.5.21/swagger-annotations-1.5.21.jar:/home/kmoragas/.m2/repository/io/swagger/core/v3/swagger-core/2.0.4/swagger-core-2.0.4.jar:/home/kmoragas/.m2/repository/com/fasterxml/jackson/dataformat/jackson-dataformat-yaml/2.10.0/jackson-dataformat-yaml-2.10.0.jar:/home/kmoragas/.m2/repository/io/swagger/core/v3/swagger-annotations/2.0.4/swagger-annotations-2.0.4.jar:/home/kmoragas/.m2/repository/io/swagger/parser/v3/swagger-parser-core/2.0.5/swagger-parser-core-2.0.5.jar:/home/kmoragas/.m2/repository/io/swagger/parser/v3/swagger-parser-v3/2.0.5/swagger-parser-v3-2.0.5.jar:/home/kmoragas/.m2/repository/io/swagger/parser/v3/swagger-parser/2.0.5/swagger-parser-2.0.5.jar:/home/kmoragas/.m2/repository/io/swagger/parser/v3/swagger-parser-v2-converter/2.0.5/swagger-parser-v2-converter-2.0.5.jar:/home/kmoragas/.m2/repository/io/swagger/swagger-codegen/2.3.1/swagger-codegen-2.3.1.jar:/home/kmoragas/.m2/repository/io/swagger/swagger-compat-spec-parser/1.0.33/swagger-compat-spec-parser-1.0.33.jar:/home/kmoragas/.m2/repository/com/github/java-json-tools/json-schema-validator/2.2.8/json-schema-validator-2.2.8.jar:/home/kmoragas/.m2/repository/com/github/java-json-tools/json-schema-core/1.2.8/json-schema-core-1.2.8.jar:/home/kmoragas/.m2/repository/com/github/fge/uri-template/0.9/uri-template-0.9.jar:/home/kmoragas/.m2/repository/javax/mail/mailapi/1.4.3/mailapi-1.4.3.jar:/home/kmoragas/.m2/repository/javax/activation/activation/1.1/activation-1.1.jar:/home/kmoragas/.m2/repository/joda-time/joda-time/2.10.4/joda-time-2.10.4.jar:/home/kmoragas/.m2/repository/com/googlecode/libphonenumber/libphonenumber/8.0.0/libphonenumber-8.0.0.jar:/home/kmoragas/.m2/repository/net/sf/jopt-simple/jopt-simple/5.0.3/jopt-simple-5.0.3.jar:/home/kmoragas/.m2/repository/com/github/fge/json-patch/1.6/json-patch-1.6.jar:/home/kmoragas/.m2/repository/com/github/fge/jackson-coreutils/1.6/jackson-coreutils-1.6.jar:/home/kmoragas/.m2/repository/com/github/fge/msg-simple/1.1/msg-simple-1.1.jar:/home/kmoragas/.m2/repository/com/github/fge/btf/1.2/btf-1.2.jar:/home/kmoragas/.m2/repository/org/apache/httpcomponents/httpclient/4.5.10/httpclient-4.5.10.jar:/home/kmoragas/.m2/repository/org/apache/httpcomponents/httpcore/4.4.12/httpcore-4.4.12.jar:/home/kmoragas/.m2/repository/com/samskivert/jmustache/1.15/jmustache-1.15.jar:/home/kmoragas/.m2/repository/org/slf4j/slf4j-ext/1.7.28/slf4j-ext-1.7.28.jar:/home/kmoragas/.m2/repository/commons-cli/commons-cli/1.2/commons-cli-1.2.jar:/home/kmoragas/.m2/repository/com/github/jknack/handlebars/4.0.6/handlebars-4.0.6.jar:/home/kmoragas/.m2/repository/org/antlr/antlr4-runtime/4.5.1-1/antlr4-runtime-4.5.1-1.jar:/home/kmoragas/.m2/repository/org/mozilla/rhino/1.7R4/rhino-1.7R4.jar:/home/kmoragas/.m2/repository/com/atlassian/commonmark/commonmark/0.9.0/commonmark-0.9.0.jar:/home/kmoragas/.m2/repository/io/swagger/codegen/v3/swagger-codegen-generators/1.0.2/swagger-codegen-generators-1.0.2.jar:/home/kmoragas/.m2/repository/com/vaadin/flow-push/3.0.5/flow-push-3.0.5.jar:/home/kmoragas/.m2/repository/com/vaadin/external/atmosphere/atmosphere-runtime/2.4.30.slf4jvaadin1/atmosphere-runtime-2.4.30.slf4jvaadin1.jar:/home/kmoragas/.m2/repository/com/vaadin/flow-client/3.0.5/flow-client-3.0.5.jar:/home/kmoragas/.m2/repository/org/springframework/spring-webmvc/5.2.0.RELEASE/spring-webmvc-5.2.0.RELEASE.jar:/home/kmoragas/.m2/repository/org/springframework/spring-websocket/5.2.0.RELEASE/spring-websocket-5.2.0.RELEASE.jar:/home/kmoragas/.m2/repository/org/vaadin/artur/spring-data-provider/2.1.0/spring-data-provider-2.1.0.jar:/home/kmoragas/.m2/repository/com/vaadin/flow-data/3.0.5/flow-data-3.0.5.jar:/home/kmoragas/.m2/repository/org/springframework/boot/spring-boot/2.2.0.RELEASE/spring-boot-2.2.0.RELEASE.jar:/home/kmoragas/.m2/repository/org/springframework/spring-core/5.2.0.RELEASE/spring-core-5.2.0.RELEASE.jar:/home/kmoragas/.m2/repository/org/springframework/spring-jcl/5.2.0.RELEASE/spring-jcl-5.2.0.RELEASE.jar:/home/kmoragas/.m2/repository/org/springframework/spring-context/5.2.0.RELEASE/spring-context-5.2.0.RELEASE.jar:/home/kmoragas/.m2/repository/org/springframework/boot/spring-boot-autoconfigure/2.2.0.RELEASE/spring-boot-autoconfigure-2.2.0.RELEASE.jar:/home/kmoragas/.m2/repository/org/springframework/boot/spring-boot-starter-data-jpa/2.2.0.RELEASE/spring-boot-starter-data-jpa-2.2.0.RELEASE.jar:/home/kmoragas/.m2/repository/org/springframework/boot/spring-boot-starter-aop/2.2.0.RELEASE/spring-boot-starter-aop-2.2.0.RELEASE.jar:/home/kmoragas/.m2/repository/org/aspectj/aspectjweaver/1.9.4/aspectjweaver-1.9.4.jar:/home/kmoragas/.m2/repository/org/springframework/boot/spring-boot-starter-jdbc/2.2.0.RELEASE/spring-boot-starter-jdbc-2.2.0.RELEASE.jar:/home/kmoragas/.m2/repository/com/zaxxer/HikariCP/3.4.1/HikariCP-3.4.1.jar:/home/kmoragas/.m2/repository/org/springframework/spring-jdbc/5.2.0.RELEASE/spring-jdbc-5.2.0.RELEASE.jar:/home/kmoragas/.m2/repository/jakarta/activation/jakarta.activation-api/1.2.1/jakarta.activation-api-1.2.1.jar:/home/kmoragas/.m2/repository/jakarta/persistence/jakarta.persistence-api/2.2.3/jakarta.persistence-api-2.2.3.jar:/home/kmoragas/.m2/repository/jakarta/transaction/jakarta.transaction-api/1.3.3/jakarta.transaction-api-1.3.3.jar:/home/kmoragas/.m2/repository/org/hibernate/hibernate-core/5.4.6.Final/hibernate-core-5.4.6.Final.jar:/home/kmoragas/.m2/repository/org/jboss/logging/jboss-logging/3.4.1.Final/jboss-logging-3.4.1.Final.jar:/home/kmoragas/.m2/repository/org/javassist/javassist/3.24.0-GA/javassist-3.24.0-GA.jar:/home/kmoragas/.m2/repository/antlr/antlr/2.7.7/antlr-2.7.7.jar:/home/kmoragas/.m2/repository/org/jboss/jandex/2.0.5.Final/jandex-2.0.5.Final.jar:/home/kmoragas/.m2/repository/com/fasterxml/classmate/1.5.0/classmate-1.5.0.jar:/home/kmoragas/.m2/repository/org/dom4j/dom4j/2.1.1/dom4j-2.1.1.jar:/home/kmoragas/.m2/repository/org/hibernate/common/hibernate-commons-annotations/5.1.0.Final/hibernate-commons-annotations-5.1.0.Final.jar:/home/kmoragas/.m2/repository/org/glassfish/jaxb/jaxb-runtime/2.3.2/jaxb-runtime-2.3.2.jar:/home/kmoragas/.m2/repository/jakarta/xml/bind/jakarta.xml.bind-api/2.3.2/jakarta.xml.bind-api-2.3.2.jar:/home/kmoragas/.m2/repository/org/glassfish/jaxb/txw2/2.3.2/txw2-2.3.2.jar:/home/kmoragas/.m2/repository/com/sun/istack/istack-commons-runtime/3.0.8/istack-commons-runtime-3.0.8.jar:/home/kmoragas/.m2/repository/org/jvnet/staxex/stax-ex/1.8.1/stax-ex-1.8.1.jar:/home/kmoragas/.m2/repository/com/sun/xml/fastinfoset/FastInfoset/1.2.16/FastInfoset-1.2.16.jar:/home/kmoragas/.m2/repository/org/springframework/data/spring-data-jpa/2.2.0.RELEASE/spring-data-jpa-2.2.0.RELEASE.jar:/home/kmoragas/.m2/repository/org/springframework/data/spring-data-commons/2.2.0.RELEASE/spring-data-commons-2.2.0.RELEASE.jar:/home/kmoragas/.m2/repository/org/springframework/spring-orm/5.2.0.RELEASE/spring-orm-5.2.0.RELEASE.jar:/home/kmoragas/.m2/repository/org/springframework/spring-tx/5.2.0.RELEASE/spring-tx-5.2.0.RELEASE.jar:/home/kmoragas/.m2/repository/org/springframework/spring-aspects/5.2.0.RELEASE/spring-aspects-5.2.0.RELEASE.jar:/home/kmoragas/.m2/repository/org/springframework/spring-web/5.2.0.RELEASE/spring-web-5.2.0.RELEASE.jar:/home/kmoragas/.m2/repository/org/springframework/spring-beans/5.2.0.RELEASE/spring-beans-5.2.0.RELEASE.jar:/home/kmoragas/.m2/repository/org/springframework/boot/spring-boot-starter-tomcat/2.2.0.RELEASE/spring-boot-starter-tomcat-2.2.0.RELEASE.jar:/home/kmoragas/.m2/repository/jakarta/annotation/jakarta.annotation-api/1.3.5/jakarta.annotation-api-1.3.5.jar:/home/kmoragas/.m2/repository/org/apache/tomcat/embed/tomcat-embed-core/9.0.27/tomcat-embed-core-9.0.27.jar:/home/kmoragas/.m2/repository/org/apache/tomcat/embed/tomcat-embed-el/9.0.27/tomcat-embed-el-9.0.27.jar:/home/kmoragas/.m2/repository/org/apache/tomcat/embed/tomcat-embed-websocket/9.0.27/tomcat-embed-websocket-9.0.27.jar:/home/kmoragas/.m2/repository/org/springframework/security/spring-security-web/5.2.0.RELEASE/spring-security-web-5.2.0.RELEASE.jar:/home/kmoragas/.m2/repository/org/springframework/security/spring-security-core/5.2.0.RELEASE/spring-security-core-5.2.0.RELEASE.jar:/home/kmoragas/.m2/repository/org/springframework/spring-aop/5.2.0.RELEASE/spring-aop-5.2.0.RELEASE.jar:/home/kmoragas/.m2/repository/org/springframework/spring-expression/5.2.0.RELEASE/spring-expression-5.2.0.RELEASE.jar:/home/kmoragas/.m2/repository/org/springframework/security/spring-security-config/5.2.0.RELEASE/spring-security-config-5.2.0.RELEASE.jar:/home/kmoragas/.m2/repository/org/springframework/boot/spring-boot-starter-web/2.2.0.RELEASE/spring-boot-starter-web-2.2.0.RELEASE.jar:/home/kmoragas/.m2/repository/org/springframework/boot/spring-boot-starter/2.2.0.RELEASE/spring-boot-starter-2.2.0.RELEASE.jar:/home/kmoragas/.m2/repository/org/springframework/boot/spring-boot-starter-logging/2.2.0.RELEASE/spring-boot-starter-logging-2.2.0.RELEASE.jar:/home/kmoragas/.m2/repository/ch/qos/logback/logback-classic/1.2.3/logback-classic-1.2.3.jar:/home/kmoragas/.m2/repository/ch/qos/logback/logback-core/1.2.3/logback-core-1.2.3.jar:/home/kmoragas/.m2/repository/org/apache/logging/log4j/log4j-to-slf4j/2.12.1/log4j-to-slf4j-2.12.1.jar:/home/kmoragas/.m2/repository/org/apache/logging/log4j/log4j-api/2.12.1/log4j-api-2.12.1.jar:/home/kmoragas/.m2/repository/org/slf4j/jul-to-slf4j/1.7.28/jul-to-slf4j-1.7.28.jar:/home/kmoragas/.m2/repository/org/yaml/snakeyaml/1.25/snakeyaml-1.25.jar:/home/kmoragas/.m2/repository/org/springframework/boot/spring-boot-starter-json/2.2.0.RELEASE/spring-boot-starter-json-2.2.0.RELEASE.jar:/home/kmoragas/.m2/repository/com/fasterxml/jackson/datatype/jackson-datatype-jdk8/2.10.0/jackson-datatype-jdk8-2.10.0.jar:/home/kmoragas/.m2/repository/com/fasterxml/jackson/datatype/jackson-datatype-jsr310/2.10.0/jackson-datatype-jsr310-2.10.0.jar:/home/kmoragas/.m2/repository/com/fasterxml/jackson/module/jackson-module-parameter-names/2.10.0/jackson-module-parameter-names-2.10.0.jar:/home/kmoragas/.m2/repository/org/springframework/boot/spring-boot-starter-validation/2.2.0.RELEASE/spring-boot-starter-validation-2.2.0.RELEASE.jar:/home/kmoragas/.m2/repository/jakarta/validation/jakarta.validation-api/2.0.1/jakarta.validation-api-2.0.1.jar:/home/kmoragas/.m2/repository/org/hibernate/validator/hibernate-validator/6.0.17.Final/hibernate-validator-6.0.17.Final.jar:/home/kmoragas/.m2/repository/javax/xml/bind/jaxb-api/2.3.1/jaxb-api-2.3.1.jar:/home/kmoragas/.m2/repository/javax/activation/javax.activation-api/1.2.0/javax.activation-api-1.2.0.jar:/home/kmoragas/.m2/repository/org/reactivestreams/reactive-streams/1.0.3/reactive-streams-1.0.3.jar:/home/kmoragas/.m2/repository/com/vaadin/vaadin-testbench/15.0.4/vaadin-testbench-15.0.4.jar:/home/kmoragas/.m2/repository/com/vaadin/vaadin-testbench-core/6.2.1/vaadin-testbench-core-6.2.1.jar:/home/kmoragas/.m2/repository/commons-codec/commons-codec/1.13/commons-codec-1.13.jar:/home/kmoragas/.m2/repository/org/seleniumhq/selenium/selenium-remote-driver/3.141.59/selenium-remote-driver-3.141.59.jar:/home/kmoragas/.m2/repository/org/seleniumhq/selenium/selenium-api/3.141.59/selenium-api-3.141.59.jar:/home/kmoragas/.m2/repository/org/apache/commons/commons-exec/1.3/commons-exec-1.3.jar:/home/kmoragas/.m2/repository/com/squareup/okhttp3/okhttp/3.14.4/okhttp-3.14.4.jar:/home/kmoragas/.m2/repository/com/squareup/okio/okio/1.14.0/okio-1.14.0.jar:/home/kmoragas/.m2/repository/org/seleniumhq/selenium/selenium-java/3.141.59/selenium-java-3.141.59.jar:/home/kmoragas/.m2/repository/org/seleniumhq/selenium/selenium-chrome-driver/3.141.59/selenium-chrome-driver-3.141.59.jar:/home/kmoragas/.m2/repository/org/seleniumhq/selenium/selenium-edge-driver/3.141.59/selenium-edge-driver-3.141.59.jar:/home/kmoragas/.m2/repository/org/seleniumhq/selenium/selenium-firefox-driver/3.141.59/selenium-firefox-driver-3.141.59.jar:/home/kmoragas/.m2/repository/org/seleniumhq/selenium/selenium-ie-driver/3.141.59/selenium-ie-driver-3.141.59.jar:/home/kmoragas/.m2/repository/org/seleniumhq/selenium/selenium-opera-driver/3.141.59/selenium-opera-driver-3.141.59.jar:/home/kmoragas/.m2/repository/org/seleniumhq/selenium/selenium-safari-driver/3.141.59/selenium-safari-driver-3.141.59.jar:/home/kmoragas/.m2/repository/org/seleniumhq/selenium/selenium-support/3.141.59/selenium-support-3.141.59.jar:/home/kmoragas/.m2/repository/junit/junit/4.12/junit-4.12.jar:/home/kmoragas/.m2/repository/org/hamcrest/hamcrest-core/2.1/hamcrest-core-2.1.jar:/home/kmoragas/.m2/repository/org/hamcrest/hamcrest/2.1/hamcrest-2.1.jar:/home/kmoragas/.m2/repository/org/easymock/easymock/3.1/easymock-3.1.jar:/home/kmoragas/.m2/repository/cglib/cglib-nodep/2.2.2/cglib-nodep-2.2.2.jar:/home/kmoragas/.m2/repository/org/objenesis/objenesis/1.2/objenesis-1.2.jar:/home/kmoragas/.m2/repository/com/vaadin/license-checker/1.0.2/license-checker-1.0.2.jar:/home/kmoragas/.m2/repository/com/google/gwt/gwt-elemental/2.8.0/gwt-elemental-2.8.0.jar:/home/kmoragas/.m2/repository/com/vaadin/flow-html-components-testbench/3.0.5/flow-html-components-testbench-3.0.5.jar:/home/kmoragas/.m2/repository/com/vaadin/vaadin-accordion-testbench/3.0.0/vaadin-accordion-testbench-3.0.0.jar:/home/kmoragas/.m2/repository/com/vaadin/vaadin-app-layout-testbench/3.0.0/vaadin-app-layout-testbench-3.0.0.jar:/home/kmoragas/.m2/repository/com/vaadin/vaadin-board-testbench/4.0.0/vaadin-board-testbench-4.0.0.jar:/home/kmoragas/.m2/repository/com/vaadin/vaadin-button-testbench/3.0.0/vaadin-button-testbench-3.0.0.jar:/home/kmoragas/.m2/repository/com/vaadin/vaadin-charts-testbench/8.0.0/vaadin-charts-testbench-8.0.0.jar:/home/kmoragas/.m2/repository/com/vaadin/vaadin-checkbox-testbench/3.0.1/vaadin-checkbox-testbench-3.0.1.jar:/home/kmoragas/.m2/repository/com/vaadin/vaadin-combo-box-testbench/4.0.1/vaadin-combo-box-testbench-4.0.1.jar:/home/kmoragas/.m2/repository/com/vaadin/vaadin-confirm-dialog-testbench/3.0.0/vaadin-confirm-dialog-testbench-3.0.0.jar:/home/kmoragas/.m2/repository/com/vaadin/vaadin-context-menu-testbench/4.0.0/vaadin-context-menu-testbench-4.0.0.jar:/home/kmoragas/.m2/repository/com/vaadin/vaadin-cookie-consent-testbench/3.0.0/vaadin-cookie-consent-testbench-3.0.0.jar:/home/kmoragas/.m2/repository/com/vaadin/vaadin-crud-testbench/3.0.0/vaadin-crud-testbench-3.0.0.jar:/home/kmoragas/.m2/repository/com/vaadin/vaadin-custom-field-testbench/4.0.0/vaadin-custom-field-testbench-4.0.0.jar:/home/kmoragas/.m2/repository/com/vaadin/vaadin-date-picker-testbench/3.0.1/vaadin-date-picker-testbench-3.0.1.jar:/home/kmoragas/.m2/repository/com/vaadin/vaadin-details-testbench/3.0.0/vaadin-details-testbench-3.0.0.jar:/home/kmoragas/.m2/repository/com/vaadin/vaadin-dialog-testbench/3.0.0/vaadin-dialog-testbench-3.0.0.jar:/home/kmoragas/.m2/repository/com/vaadin/vaadin-form-layout-testbench/3.0.0/vaadin-form-layout-testbench-3.0.0.jar:/home/kmoragas/.m2/repository/com/vaadin/vaadin-grid-testbench/5.0.0/vaadin-grid-testbench-5.0.0.jar:/home/kmoragas/.m2/repository/com/vaadin/vaadin-grid-pro-testbench/3.0.1/vaadin-grid-pro-testbench-3.0.1.jar:/home/kmoragas/.m2/repository/com/vaadin/vaadin-icons-testbench/3.0.0/vaadin-icons-testbench-3.0.0.jar:/home/kmoragas/.m2/repository/com/vaadin/vaadin-iron-list-testbench/3.0.0/vaadin-iron-list-testbench-3.0.0.jar:/home/kmoragas/.m2/repository/com/vaadin/vaadin-list-box-testbench/3.0.0/vaadin-list-box-testbench-3.0.0.jar:/home/kmoragas/.m2/repository/com/vaadin/vaadin-login-testbench/3.0.0/vaadin-login-testbench-3.0.0.jar:/home/kmoragas/.m2/repository/com/vaadin/vaadin-menu-bar-testbench/2.0.0/vaadin-menu-bar-testbench-2.0.0.jar:/home/kmoragas/.m2/repository/com/vaadin/vaadin-notification-testbench/3.0.0/vaadin-notification-testbench-3.0.0.jar:/home/kmoragas/.m2/repository/com/vaadin/vaadin-ordered-layout-testbench/3.0.0/vaadin-ordered-layout-testbench-3.0.0.jar:/home/kmoragas/.m2/repository/com/vaadin/vaadin-progress-bar-testbench/3.0.0/vaadin-progress-bar-testbench-3.0.0.jar:/home/kmoragas/.m2/repository/com/vaadin/vaadin-radio-button-testbench/3.0.2/vaadin-radio-button-testbench-3.0.2.jar:/home/kmoragas/.m2/repository/com/vaadin/vaadin-rich-text-editor-testbench/3.0.0/vaadin-rich-text-editor-testbench-3.0.0.jar:/home/kmoragas/.m2/repository/com/vaadin/vaadin-select-testbench/3.0.0/vaadin-select-testbench-3.0.0.jar:/home/kmoragas/.m2/repository/com/vaadin/vaadin-split-layout-testbench/3.0.0/vaadin-split-layout-testbench-3.0.0.jar:/home/kmoragas/.m2/repository/com/vaadin/vaadin-tabs-testbench/3.0.0/vaadin-tabs-testbench-3.0.0.jar:/home/kmoragas/.m2/repository/com/vaadin/vaadin-text-field-testbench/3.0.1/vaadin-text-field-testbench-3.0.1.jar:/home/kmoragas/.m2/repository/com/vaadin/vaadin-time-picker-testbench/3.0.1/vaadin-time-picker-testbench-3.0.1.jar:/home/kmoragas/.m2/repository/com/vaadin/vaadin-upload-testbench/3.0.0/vaadin-upload-testbench-3.0.0.jar:"/>
    <property name="sun.cpu.endian" value="little"/>
    <property name="user.home" value="/home/kmoragas"/>
    <property name="user.language" value="en"/>
    <property name="java.specification.vendor" value="Oracle Corporation"/>
    <property name="java.version.date" value="2020-07-14"/>
    <property name="java.home" value="/usr/lib/jvm/java-11-openjdk-amd64"/>
    <property name="file.separator" value="/"/>
    <property name="basedir" value="/home/kmoragas/Works/contratus/alexa"/>
    <property name="java.vm.compressedOopsMode" value="Zero based"/>
    <property name="line.separator" value="&#10;"/>
    <property name="java.specification.name" value="Java Platform API Specification"/>
    <property name="java.vm.specification.vendor" value="Oracle Corporation"/>
    <property name="java.awt.graphicsenv" value="sun.awt.X11GraphicsEnvironment"/>
    <property name="surefire.real.class.path" value="/home/kmoragas/Works/contratus/alexa/target/surefire/surefirebooter7043720824814778157.jar"/>
    <property name="sun.management.compiler" value="HotSpot 64-Bit Tiered Compilers"/>
    <property name="java.runtime.version" value="11.0.8+10-post-Ubuntu-0ubuntu120.04"/>
    <property name="user.name" value="kmoragas"/>
    <property name="path.separator" value=":"/>
    <property name="os.version" value="5.4.0-42-generic"/>
    <property name="java.runtime.name" value="OpenJDK Runtime Environment"/>
    <property name="file.encoding" value="UTF-8"/>
    <property name="java.vm.name" value="OpenJDK 64-Bit Server VM"/>
    <property name="localRepository" value="/home/kmoragas/.m2/repository"/>
    <property name="java.vendor.url.bug" value="https://bugs.launchpad.net/ubuntu/+source/openjdk-lts"/>
    <property name="java.io.tmpdir" value="/tmp"/>
    <property name="java.version" value="11.0.8"/>
    <property name="user.dir" value="/home/kmoragas/Works/contratus/alexa"/>
    <property name="os.arch" value="amd64"/>
    <property name="java.vm.specification.name" value="Java Virtual Machine Specification"/>
    <property name="java.awt.printerjob" value="sun.print.PSPrinterJob"/>
    <property name="sun.os.patch.level" value="unknown"/>
    <property name="java.library.path" value="/usr/java/packages/lib:/usr/lib/x86_64-linux-gnu/jni:/lib/x86_64-linux-gnu:/usr/lib/x86_64-linux-gnu:/usr/lib/jni:/lib:/usr/lib"/>
    <property name="java.vm.info" value="mixed mode, sharing"/>
    <property name="java.vendor" value="Ubuntu"/>
    <property name="java.vm.version" value="11.0.8+10-post-Ubuntu-0ubuntu120.04"/>
    <property name="sun.io.unicode.encoding" value="UnicodeLittle"/>
    <property name="java.class.version" value="55.0"/>
  </properties>
  <testcase name="equalsTest" classname="com.contratus.backend.data.entity.ProductTest" time="0"/>
</testsuite>